0.000000000000000
8416456.250000000000000
4987529.629629631526768
3156171.093750000000000
2154612.800000000279397
1558603.009259260958061
1177813.119533522287384
920549.902343750000000
738893.278463650727645
605984.849999999860302
505872.652141248807311
428615.827546296757646
367765.043240782048088
318991.053206996351946
279301.659259259700775
246575.866699218750000
219276.694484020932578
196268.527091908006696
176697.725615978939459
159912.668750000215368
145409.027102904627100
132791.571187078137882
121747.045286430948181
112024.591290509255487
103421.414400000634487
95772.146677287702914
88940.857592846325133
82814.984967200856772
77300.676534503480070
72319.179629629870760
67804.017992011155002
63698.765563964843750
59955.277290814665321
56532.272796661789471
53394.194752188632265
50510.282707475787902
47853.817148046691727
45401.498942994512618
43132.937170215336664
41030.224218750096043
39077.581578909455857
37261.063195119284501
35568.305935326636245
33988.318815740152786
32511.304252400525002
31128.505897098715650
29832.078633828758029
28614.977123119224416
27470.859930810980586
26394.006799999973737
25379.247046761720412
24421.897402708138543
23517.707906526775332
22662.814675100431486
21853.698572501929448
21087.148949981841724
20360.231758219935728
19670.261439583337051
19014.776096874516952
18391.515509259195824
17798.401628330229869
17233.521239636091195
16695.110519222394942
16181.541252136230469
15691.308511606333923
15223.019624620919785
14775.384272666558900
14347.205596122536008
13937.372187672197470
13544.850874635643777
13168.680202620220371
12807.964543681342548
12461.868761519435793
12129.613374331202067
11810.470162962994436
11503.758178123636753
11208.840105753590251
10925.118954297950040
10652.035031711509873
10389.063183593749272
10135.710266991121898
9891.512837161386415
9656.035027029347475
9428.866601203975733
9209.621168328925705
8997.934537210559938
8793.463203660343424
8595.882956306331835
8404.887590801887200
8220.187722908121941
8041.509691853811091
7868.594546211115812
7701.197105265452592
7539.085089527382479
7382.038314623150654
7229.847943341287646
7082.315791088378319
6939.253680439289383
6800.482840856320763
6665.833350000015344
6535.143613371225911
6408.259879307360279
6285.035786614575045
6165.331942350414465
6049.015527480782112
5935.959928330088587
5826.044391911255843
5719.153703386218695
5615.177884047388034
5514.011908339596630
5415.555438564893848
5319.712576018122490
5226.391627399594654
5135.504885443957392
5046.968422782932066
4960.701898140563571
4876.628374020468073
4794.674145117079206
4714.768576733688860
4636.843952546299079
4560.835331100656731
4486.680410474869859
4414.319400580489855
4343.694902613187878
4274.751795199996195
4207.437126820170306
4141.700014108689174
4077.491545677185059
4014.764691112673972
3953.474214838416628
3893.576594541760642
3835.029943894860025
3777.793939311520262
3721.829750501229682
3667.099974597400433
3613.568573650273720
3561.200815290639184
3509.963216380680024
3459.823489482319928
3410.750491982484618
3362.714177726272737
3315.685551016871614
3269.636622851943685
3224.540369271900090
3180.370691705265017
3137.102379201961867
3094.711072452478675
3053.173229497764623
3012.466093038316103
2972.567659259250831
2933.456648090550061
2895.112474827784808
2857.515223042831622
2820.645618717622256
2784.485005538582755
2749.015321292508361
2714.219075307763433
2680.079326888928790
2646.579664694612347
2613.704187011715021
2581.437482882160111
2549.764614039934713
2518.671097618969725
2488.142889594607368
2458.166368923386017
2428.728322347311860
2399.815929831319409
2371.416750604005301
2343.518709772858074
2316.110085487467586
2289.179496625248703
2262.715890975006005
2236.708533896316567
2211.146997432060743
2186.021149854231226
2161.321145623010580
2137.037415740682263
2113.160658482855979
2089.681830489862932
2066.592138203025115
2043.883029629792190
2021.546186424373445
1999.573516269185575
1977.957145544814011
1956.689412275675068
1935.762859339818988
1915.170227931439285
1894.904451265616444
1874.958648514832930
1855.326118967777120
1836.000336401165214
1816.974943655507332
1798.243747406652801
1779.800713125068341
1761.639960215094561
1743.755757326882303
1726.142517833988677
1708.794795470265399
1691.707280119186180
1674.874793750009076
