1623
1729
1929
665
1253
35
85
1907
1907
1907
1907
536
1907
1907
1907
1903
1903
1288
1903
844
1903
1227
1902
1902
994
1902
1902
625
1902
1896
875
1896
1880
793
1144
1880
1876
839
1876
1876
1704
1111
1872
1872
1872
380
1812
1072
838
510
489
1835
17
1822
527
910
1826
1826
1823
1820
303
1815
1815
1811
1811
255
1597
1798
1793
1793
1037
1795
1795
1795
810
874
1215
1407
1785
1785
1780
683
1133
1769
1762
946
1762
1764
1105
112
1759
1759
971
1759
664
1609
1182
912
1759
1748
1748
1748
1748
89
1212
1748
1748
1748
1737
1121
470
756
53
216
1377
699
1337
1731
1730
1730
265
601
399
240
1726
763
1725
1726
1729
18
1642
1730
1233
430
1725
1388
272
1727
538
1727
584
1727
1113
1375
1724
1726
374
1726
1729
1486
1709
1701
1680
561
382
1695
279
1695
1665
1665
1665
1665
582
62
1518
1645
1645
861
211
1180
1633
265
307
1625
1625
579
339
1611
1610
370
1610
1613
607
59
1601
1601
1601
1111
1591
1265
1591
1097
1222
1313
131
1317
1089
1250
1591
1591
1591
1578
1579
231
57
1308
654
1567
1060
330
1562
32
1562
1566
1557
1555
1555
1537
1537
1538
987
1538
781
1538
407
811
1527
1527
1403
1527
1522
1522
1522
1522
1377
1522
1522
812
1234
418
1508
1157
1105
1496
1496
1161
560
564
967
1502
1504
962
1498
1498
1498
1491
411
1485
1485
821
561
1487
1487
1487
179
1487
1487
1487
1419
1487
733
1484
6
1163
393
822
184
20
1056
580
1461
1448
1450
305
1445
1428
1445
1445
1445
1385
1445
1445
1018
1442
276
426
444
1368
321
1440
376
793
1440
1440
402
905
1438
1438
1438
1439
1267
334
1368
1421
1412
1412
1412
1412
1408
822
759
168
1409
1409
1407
1399
1399
1400
2
26
1403
1403
1395
1195
326
1379
1398
855
1385
1264
36
1384
637
949
1382
137
97
631
1385
1385
1384
1383
1342
1383
1379
1381
1382
436
1382
223
1382
1376
840
1376
937
1376
1359
180
1359
1359
1361
349
1158
1362
279
1366
1362
1362
1360
1360
1354
1354
1354
1206
1344
1152
1348
860
1342
526
1160
1334
1333
1333
1335
344
297
1335
659
1339
1339
1342
895
1342
1342
1340
1291
1340
1344
1165
234
916
1264
1283
1344
1341
1345
1344
1340
1340
325
1340
1340
1333
1333
1312
367
1329
1329
1329
1329
1329
710
369
1328
1335
1335
1335
1118
1335
1203
1334
1334
1333
1335
1336
38
226
1336
397
1328
788
1330
17
1331
397
1331
536
1324
1324
1322
1327
90
1215
153
1328
1328
1330
1332
705
59
1333
1334
1326
1321
1321
1321
693
1322
1322
932
278
1317
213
1317
1321
1308
1105
1322
1322
1322
1319
336
447
1300
1297
1294
1296
1296
1296
1296
1300
1299
694
1300
1301
1301
996
1143
907
1297
1297
1297
1297
1298
251
1301
1301
1299
1298
1299
1299
1305
627
1305
1305
1305
1267
1298
1298
701
1294
1099
1296
42
951
182
1292
456
786
1286
1277
710
1277
1277
341
909
1279
1280
263
1279
955
1283
1275
755
253
622
1267
1269
1269
1269
751
1263
1264
1264
1267
1228
1266
1268
1034
1268
1270
1270
1043
1270
1249
330
130
1273
1093
764
1272
1272
1272
1275
1275
309
1275
818
1275
1275
1275
1275
1274
1268
1268
1145
1270
1071
894
75
1164
669
1273
1272
1272
464
1272
789
1265
674
592
682
1258
708
948
516
1139
1256
1256
632
1259
1262
1262
360
1028
1271
301
1278
1277
231
1278
524
